<?xml version="1.0" encoding="UTF-8"?>
<!-- Generated by org.testng.reporters.JUnitXMLReporter -->
<testsuite ignored="0" hostname="ATMECSINLT-004" failures="1" tests="1" name="Command line test" time="3.959" errors="0" timestamp="10 Nov 2021 07:24:28 GMT">
  <testcase classname="com.test.testfalcon.GoogleTest" name="googleTest" time="3.65">
    <failure type="java.lang.AssertionError" message="Unexpected error, please check with URL PKIX path building failed: sun.security.provider.certpath.SunCertPathBuilderException: unable to find valid certification path to requested target">
      <![CDATA[java.lang.AssertionError: Unexpected error, please check with URL PKIX path building failed: sun.security.provider.certpath.SunCertPathBuilderException: unable to find valid certification path to requested target
at com.atmecs.falcon.automation.ui.selenium.Browser.validateURL(Browser.java:543)
at com.atmecs.falcon.automation.ui.selenium.Browser.openURL(Browser.java:380)
at com.test.testfalcon.helpers.HomePageHelper.googleTest(HomePageHelper.java:20)
at com.test.testfalcon.GoogleTest.googleTest(GoogleTest.java:26)
... Removed 36 stack frames]]>
    </failure>
  </testcase> <!-- googleTest -->
</testsuite> <!-- Command line test -->
