<?xml version="1.0" encoding="UTF-8"?>
<testng-results ignored="0" total="0" passed="0" failed="0" skipped="0">
  <reporter-output>
  </reporter-output>
  <suite started-at="2021-11-03T10:30:01Z" name="com.test.testfalcon.AppTest" finished-at="2021-11-03T10:30:01Z" duration-ms="8">
    <groups>
    </groups>
    <test started-at="2021-11-03T10:30:01Z" name="Command line test" finished-at="2021-11-03T10:30:01Z" duration-ms="8">
    </test> <!-- Command line test -->
  </suite> <!-- com.test.testfalcon.AppTest -->
</testng-results>
