<?xml version="1.0" encoding="UTF-8" ?>
<testsuite tests="2" failures="1" name="TestSuite" time="3.668" errors="0" skipped="0">
  <properties>
[...]
</properties>
  <testcase classname="com.test.testfalcon.GoogleTest" name="googleTest" time="3.666">
    <failure message="Unexpected error, please check with URL PKIX path building failed: sun.security.provider.certpath.SunCertPathBuilderException: unable to find valid certification path to requested target" type="java.lang.AssertionError">java.lang.AssertionError: Unexpected error, please check with URL PKIX path building failed: sun.security.provider.certpath.SunCertPathBuilderException: unable to find valid certification path to requested target
	at org.testng.Assert.fail(Assert.java:96)
	at com.atmecs.falcon.automation.ui.selenium.Browser.validateURL(Browser.java:543)
	at com.atmecs.falcon.automation.ui.selenium.Browser.openURL(Browser.java:380)
	at com.test.testfalcon.helpers.HomePageHelper.googleTest(HomePageHelper.java:20)
	at com.test.testfalcon.GoogleTest.googleTest(GoogleTest.java:26)
</failure>
    <system-out>Configuring TestNG with: org.apache.maven.surefire.testng.conf.TestNG652Configurator@7e0ea639
driver set
</system-out>
    <system-err>Starting ChromeDriver 95.0.4638.54 (d31a821ec901f68d0d34ccdbaea45b4c86ce543e-refs/branch-heads/4638@{#871}) on port 29254
Only local connections are allowed.
Please see https://chromedriver.chromium.org/security-considerations for suggestions on keeping ChromeDriver safe.
ChromeDriver was started successfully.
Nov 10, 2021 12:54:26 PM org.openqa.selenium.remote.ProtocolHandshake createSession
INFO: Detected dialect: W3C
</system-err>
  </testcase>
  <testcase classname="com.test.testfalcon.AppTest" name="testApp on testApp(com.test.testfalcon.AppTest)" time="0.002"/>
</testsuite>