<?xml version="1.0" encoding="UTF-8"?>
<testng-results ignored="0" total="1" passed="1" failed="0" skipped="0">
  <reporter-output>
  </reporter-output>
  <suite started-at="2021-11-15T07:01:34Z" name="Falcon-Suite-MAC_catalina_chrome_90" finished-at="2021-11-15T07:01:53Z" duration-ms="18820">
    <groups>
    </groups>
    <test started-at="2021-11-15T07:01:34Z" name="GoogleTest" finished-at="2021-11-15T07:01:53Z" duration-ms="18820">
      <class name="com.test.testfalcon.testscript.GoogleTest">
        <test-method is-config="true" signature="preSetup()[pri:0, instance:com.test.testfalcon.testscript.GoogleTest@6d772321]" started-at="2021-11-15T07:01:34Z" name="preSetup" finished-at="2021-11-15T07:01:35Z" duration-ms="138" status="PASS">
          <reporter-output>
          </reporter-output>
        </test-method> <!-- preSetup -->
        <test-method signature="googleTest(java.lang.String, java.lang.String, java.lang.String, java.lang.String)[pri:0, instance:com.test.testfalcon.testscript.GoogleTest@6d772321]" started-at="2021-11-15T07:01:35Z" name="googleTest" finished-at="2021-11-15T07:01:53Z" duration-ms="18300" status="PASS">
          <params>
            <param index="0">
              <value>
                <![CDATA[MAC]]>
              </value>
            </param>
            <param index="1">
              <value>
                <![CDATA[catalina]]>
              </value>
            </param>
            <param index="2">
              <value>
                <![CDATA[chrome]]>
              </value>
            </param>
            <param index="3">
              <value>
                <![CDATA[90]]>
              </value>
            </param>
          </params>
          <reporter-output>
          </reporter-output>
        </test-method> <!-- googleTest -->
        <test-method is-config="true" signature="teardown()[pri:0, instance:com.test.testfalcon.testscript.GoogleTest@6d772321]" started-at="2021-11-15T07:01:53Z" name="teardown" finished-at="2021-11-15T07:01:53Z" duration-ms="354" status="PASS">
          <reporter-output>
          </reporter-output>
        </test-method> <!-- teardown -->
      </class> <!-- com.test.testfalcon.testscript.GoogleTest -->
    </test> <!-- GoogleTest -->
  </suite> <!-- Falcon-Suite-MAC_catalina_chrome_90 -->
</testng-results>
