<?xml version="1.0" encoding="UTF-8"?>
<testng-results ignored="0" total="1" passed="1" failed="0" skipped="0">
  <reporter-output>
    <line>
      <![CDATA[Test Results are not uploading to JIRA. If you want to upload please set value of key 'jira.testresults' to 'true' in config.properties]]>
    </line>
    <line>
      <![CDATA[INFO: The value found with Environment variable Falcon is: Falcon]]>
    </line>
    <line>
      <![CDATA[INFO: The value found with Environment Module variable googlesearch is: googlesearch]]>
    </line>
    <line>
      <![CDATA[The value found with Environment variable MAC_catalina_chrome_90 is: MAC_catalina_chrome_90]]>
    </line>
    <line>
      <![CDATA[INFO: Clients Found: [Falcon]
]]>
    </line>
    <line>
      <![CDATA[INFO: Modules Selected: [googlesearch]
]]>
    </line>
    <line>
      <![CDATA[INFO: New Suite Created with name: Falcon-Sample-MAC_catalina_chrome_90]]>
    </line>
    <line>
      <![CDATA[<?xml version="1.0" encoding="UTF-8"?>
<!DOCTYPE suite SYSTEM "http://testng.org/testng-1.0.dtd">
<suite name="Falcon-Sample-MAC_catalina_chrome_90">
  <parameter name="os" value="MAC"/>
  <parameter name="osVersion" value="catalina"/>
  <parameter name="browser" value="chrome"/>
  <parameter name="browserVersion" value="90"/>
  <test thread-count="5" name="SampleTest">
    <classes>
      <class name="com.test.testfalcon.testscript.SampleTestScript"/>
    </classes>
  </test> <!-- SampleTest -->
</suite> <!-- Falcon-Sample-MAC_catalina_chrome_90 -->
]]>
    </line>
    <line>
      <![CDATA[Opening browser: chrome90]]>
    </line>
    <line>
      <![CDATA[Maximizing browser window]]>
    </line>
    <line>
      <![CDATA[entering text: Selenium]]>
    </line>
    <line>
      <![CDATA[pressing enter key]]>
    </line>
    <line>
      <![CDATA[waiting for 2 second]]>
    </line>
    <line>
      <![CDATA[verifying page title]]>
    </line>
    <line>
      <![CDATA[PASS : Verifying String Message  : ACTUAL : Selenium - Google Search EXPECTED :Selenium - Google Search]]>
    </line>
  </reporter-output>
  <suite started-at="2021-11-03T10:30:03Z" name="Falcon-Sample-MAC_catalina_chrome_90" finished-at="2021-11-03T10:30:24Z" duration-ms="21019">
    <groups>
    </groups>
    <test started-at="2021-11-03T10:30:03Z" name="SampleTest" finished-at="2021-11-03T10:30:24Z" duration-ms="21019">
      <class name="com.test.testfalcon.testscript.SampleTestScript">
        <test-method is-config="true" signature="preSetup()[pri:0, instance:com.test.testfalcon.testscript.SampleTestScript@a2701a8]" started-at="2021-11-03T10:30:03Z" name="preSetup" finished-at="2021-11-03T10:30:03Z" duration-ms="174" status="PASS">
          <reporter-output>
          </reporter-output>
        </test-method> <!-- preSetup -->
        <test-method signature="sampleTest(java.lang.String, java.lang.String, java.lang.String, java.lang.String)[pri:0, instance:com.test.testfalcon.testscript.SampleTestScript@a2701a8]" started-at="2021-11-03T10:30:03Z" name="sampleTest" finished-at="2021-11-03T10:30:19Z" duration-ms="16635" status="PASS">
          <params>
            <param index="0">
              <value>
                <![CDATA[MAC]]>
              </value>
            </param>
            <param index="1">
              <value>
                <![CDATA[catalina]]>
              </value>
            </param>
            <param index="2">
              <value>
                <![CDATA[chrome]]>
              </value>
            </param>
            <param index="3">
              <value>
                <![CDATA[90]]>
              </value>
            </param>
          </params>
          <reporter-output>
            <line>
              <![CDATA[Opening browser: chrome90]]>
            </line>
            <line>
              <![CDATA[Maximizing browser window]]>
            </line>
            <line>
              <![CDATA[entering text: Selenium]]>
            </line>
            <line>
              <![CDATA[pressing enter key]]>
            </line>
            <line>
              <![CDATA[waiting for 2 second]]>
            </line>
            <line>
              <![CDATA[verifying page title]]>
            </line>
            <line>
              <![CDATA[PASS : Verifying String Message  : ACTUAL : Selenium - Google Search EXPECTED :Selenium - Google Search]]>
            </line>
          </reporter-output>
        </test-method> <!-- sampleTest -->
        <test-method is-config="true" signature="teardown()[pri:0, instance:com.test.testfalcon.testscript.SampleTestScript@a2701a8]" started-at="2021-11-03T10:30:19Z" name="teardown" finished-at="2021-11-03T10:30:24Z" duration-ms="4178" status="PASS">
          <reporter-output>
          </reporter-output>
        </test-method> <!-- teardown -->
      </class> <!-- com.test.testfalcon.testscript.SampleTestScript -->
    </test> <!-- SampleTest -->
  </suite> <!-- Falcon-Sample-MAC_catalina_chrome_90 -->
</testng-results>
